f:\project1\project1\x64\debug\vc141.pdb
f:\project1\project1\x64\debug\vc141.idb
f:\project1\project1\x64\debug\wicimage.obj
f:\project1\project1\x64\debug\main.obj
f:\project1\project1\x64\debug\cubemapapp.obj
f:\project1\project1\x64\debug\uploadresource.obj
f:\project1\project1\x64\debug\textureresource.obj
f:\project1\project1\x64\debug\rwtexture.obj
f:\project1\project1\x64\debug\rtvresource.obj
f:\project1\project1\x64\debug\readbackresource.obj
f:\project1\project1\x64\debug\pipeline.obj
f:\project1\project1\x64\debug\mathhelper.obj
f:\project1\project1\x64\debug\graphicscommandlist.obj
f:\project1\project1\x64\debug\geometrygenerator.obj
f:\project1\project1\x64\debug\gametimer.obj
f:\project1\project1\x64\debug\descriptorheap.obj
f:\project1\project1\x64\debug\ddstextureloader.obj
f:\project1\project1\x64\debug\d3dutil.obj
f:\project1\project1\x64\debug\d3dapp.obj
f:\project1\project1\x64\debug\cubetexture.obj
f:\project1\project1\x64\debug\camera.obj
f:\project1\project1\x64\debug\dsvresource.obj
f:\project1\project1\x64\debug\resourcebase.obj
f:\project1\x64\debug\project1.exe
f:\project1\x64\debug\project1.ilk
f:\project1\x64\debug\project1.pdb
f:\project1\project1\x64\debug\descriptorheap.obj.enc
f:\project1\project1\x64\debug\project1.tlog\cl.command.1.tlog
f:\project1\project1\x64\debug\project1.tlog\cl.read.1.tlog
f:\project1\project1\x64\debug\project1.tlog\cl.write.1.tlog
f:\project1\project1\x64\debug\project1.tlog\link.command.1.tlog
f:\project1\project1\x64\debug\project1.tlog\link.read.1.tlog
f:\project1\project1\x64\debug\project1.tlog\link.write.1.tlog
